<?xml version="1.0" encoding="UTF-8"?>
<testng-results skipped="1" failed="1" total="2" passed="0">
  <reporter-output>
  </reporter-output>
  <suite name="Default suite" duration-ms="55932" started-at="2018-02-13T22:06:17Z" finished-at="2018-02-13T22:07:13Z">
    <groups>
    </groups>
    <test name="Default test" duration-ms="55932" started-at="2018-02-13T22:06:17Z" finished-at="2018-02-13T22:07:13Z">
      <class name="com.USICS.testcases.videos">
        <test-method status="FAIL" signature="TestC(java.util.Hashtable)[pri:0, instance:com.USICS.testcases.videos@7c9d8e2]" name="TestC" duration-ms="55405" started-at="2018-02-13T17:06:17Z" data-provider="getData" finished-at="2018-02-13T17:07:13Z">
          <params>
            <param index="0">
              <value>
                <![CDATA[{MERVAL=MERVAL_xpath, shipping=, Runmode=Y, Index=index_xpath, Market=Market_xpath}]]>
              </value>
            </param>
          </params>
          <exception class="org.openqa.selenium.WebDriverException">
            <message>
              <![CDATA[An unknown server-side error occurred while processing the command. (WARNING: The server did not provide any stacktrace information)
Command duration or timeout: 20 milliseconds
Build info: version: '2.53.0', revision: '35ae25b1534ae328c771e0856c93e187490ca824', time: '2016-03-15 10:43:46'
System info: host: 'Nikil', ip: '192.168.1.10', os.name: 'Windows 8.1', os.arch: 'amd64', os.version: '6.3', java.version: '1.8.0_131'
Driver info: io.appium.java_client.android.AndroidDriver
Capabilities [{app=C:\Users\nikil kaarthi\Downloads\com.cnbc.client_2017-08-25.apk, appPackage=com.cnbc.client, deviceScreenSize=720x1280, networkConnectionEnabled=true, warnings={}, appWaitPackage=com.cnbc.client, appWaitActivity=com.cnbc.client.Activities.SplashActivity, databaseEnabled=false, deviceName=LGL53BL6edee49d, platform=LINUX, deviceUDID=LGL53BL6edee49d, appActivity=com.cnbc.client.Activities.SplashActivity, desired={app=C:\Users\nikil kaarthi\Downloads\com.cnbc.client_2017-08-25.apk, platformVersion=6.0.1, platformName=Android, deviceName=LGL53BL}, platformVersion=6.0.1, webStorageEnabled=false, locationContextEnabled=false, takesScreenshot=true, javascriptEnabled=true, deviceModel=LGL53BL, platformName=Android, deviceManufacturer=LGE}]
Session ID: cea8607e-dc38-4047-9628-5baa4d8f2f31]]>
            </message>
            <full-stacktrace>
              <![CDATA[org.openqa.selenium.WebDriverException: An unknown server-side error occurred while processing the command. (WARNING: The server did not provide any stacktrace information)
Command duration or timeout: 20 milliseconds
Build info: version: '2.53.0', revision: '35ae25b1534ae328c771e0856c93e187490ca824', time: '2016-03-15 10:43:46'
System info: host: 'Nikil', ip: '192.168.1.10', os.name: 'Windows 8.1', os.arch: 'amd64', os.version: '6.3', java.version: '1.8.0_131'
Driver info: io.appium.java_client.android.AndroidDriver
Capabilities [{app=C:\Users\nikil kaarthi\Downloads\com.cnbc.client_2017-08-25.apk, appPackage=com.cnbc.client, deviceScreenSize=720x1280, networkConnectionEnabled=true, warnings={}, appWaitPackage=com.cnbc.client, appWaitActivity=com.cnbc.client.Activities.SplashActivity, databaseEnabled=false, deviceName=LGL53BL6edee49d, platform=LINUX, deviceUDID=LGL53BL6edee49d, appActivity=com.cnbc.client.Activities.SplashActivity, desired={app=C:\Users\nikil kaarthi\Downloads\com.cnbc.client_2017-08-25.apk, platformVersion=6.0.1, platformName=Android, deviceName=LGL53BL}, platformVersion=6.0.1, webStorageEnabled=false, locationContextEnabled=false, takesScreenshot=true, javascriptEnabled=true, deviceModel=LGL53BL, platformName=Android, deviceManufacturer=LGE}]
Session ID: cea8607e-dc38-4047-9628-5baa4d8f2f31
	at sun.reflect.NativeConstructorAccessorImpl.newInstance0(Native Method)
	at sun.reflect.NativeConstructorAccessorImpl.newInstance(NativeConstructorAccessorImpl.java:62)
	at sun.reflect.DelegatingConstructorAccessorImpl.newInstance(DelegatingConstructorAccessorImpl.java:45)
	at java.lang.reflect.Constructor.newInstance(Constructor.java:423)
	at org.openqa.selenium.remote.ErrorHandler.createThrowable(ErrorHandler.java:206)
	at org.openqa.selenium.remote.ErrorHandler.throwIfResponseFailed(ErrorHandler.java:158)
	at org.openqa.selenium.remote.RemoteWebDriver.execute(RemoteWebDriver.java:678)
	at io.appium.java_client.DefaultGenericMobileDriver.execute(DefaultGenericMobileDriver.java:42)
	at io.appium.java_client.AppiumDriver.execute(AppiumDriver.java:1)
	at io.appium.java_client.android.AndroidDriver.execute(AndroidDriver.java:1)
	at io.appium.java_client.AppiumDriver.performTouchAction(AppiumDriver.java:314)
	at io.appium.java_client.TouchAction.perform(TouchAction.java:301)
	at io.appium.java_client.AppiumDriver.swipe(AppiumDriver.java:369)
	at com.USICS.base.BaseTest.getvideoitems(BaseTest.java:435)
	at com.USICS.testcases.videos.TestC(videos.java:55)
	at sun.reflect.NativeMethodAccessorImpl.invoke0(Native Method)
	at sun.reflect.NativeMethodAccessorImpl.invoke(NativeMethodAccessorImpl.java:62)
	at sun.reflect.DelegatingMethodAccessorImpl.invoke(DelegatingMethodAccessorImpl.java:43)
	at java.lang.reflect.Method.invoke(Method.java:498)
	at org.testng.internal.MethodInvocationHelper.invokeMethod(MethodInvocationHelper.java:85)
	at org.testng.internal.Invoker.invokeMethod(Invoker.java:639)
	at org.testng.internal.Invoker.invokeTestMethod(Invoker.java:821)
	at org.testng.internal.Invoker.invokeTestMethods(Invoker.java:1131)
	at org.testng.internal.TestMethodWorker.invokeTestMethods(TestMethodWorker.java:124)
	at org.testng.internal.TestMethodWorker.run(TestMethodWorker.java:108)
	at org.testng.TestRunner.privateRun(TestRunner.java:773)
	at org.testng.TestRunner.run(TestRunner.java:623)
	at org.testng.SuiteRunner.runTest(SuiteRunner.java:357)
	at org.testng.SuiteRunner.runSequentially(SuiteRunner.java:352)
	at org.testng.SuiteRunner.privateRun(SuiteRunner.java:310)
	at org.testng.SuiteRunner.run(SuiteRunner.java:259)
	at org.testng.SuiteRunnerWorker.runSuite(SuiteRunnerWorker.java:52)
	at org.testng.SuiteRunnerWorker.run(SuiteRunnerWorker.java:86)
	at org.testng.TestNG.runSuitesSequentially(TestNG.java:1185)
	at org.testng.TestNG.runSuitesLocally(TestNG.java:1110)
	at org.testng.TestNG.run(TestNG.java:1018)
	at org.testng.remote.AbstractRemoteTestNG.run(AbstractRemoteTestNG.java:132)
	at org.testng.remote.RemoteTestNG.initAndRun(RemoteTestNG.java:230)
	at org.testng.remote.RemoteTestNG.main(RemoteTestNG.java:76)
]]>
            </full-stacktrace>
          </exception> <!-- org.openqa.selenium.WebDriverException -->
          <reporter-output>
          </reporter-output>
        </test-method> <!-- TestC -->
        <test-method status="PASS" signature="afterMethod()[pri:0, instance:com.USICS.testcases.videos@7c9d8e2]" name="afterMethod" is-config="true" duration-ms="389" started-at="2018-02-13T17:07:13Z" finished-at="2018-02-13T17:07:13Z">
          <reporter-output>
          </reporter-output>
        </test-method> <!-- afterMethod -->
        <test-method status="SKIP" signature="TestC(java.util.Hashtable)[pri:0, instance:com.USICS.testcases.videos@7c9d8e2]" name="TestC" duration-ms="3" started-at="2018-02-13T17:07:13Z" data-provider="getData" finished-at="2018-02-13T17:07:13Z">
          <params>
            <param index="0">
              <value>
                <![CDATA[{MERVAL=, shipping=, Runmode=N, Index=, Market=}]]>
              </value>
            </param>
          </params>
          <exception class="org.testng.SkipException">
            <message>
              <![CDATA[Skipping TestC]]>
            </message>
            <full-stacktrace>
              <![CDATA[org.testng.SkipException: Skipping TestC
	at com.USICS.testcases.videos.TestC(videos.java:32)
	at sun.reflect.NativeMethodAccessorImpl.invoke0(Native Method)
	at sun.reflect.NativeMethodAccessorImpl.invoke(NativeMethodAccessorImpl.java:62)
	at sun.reflect.DelegatingMethodAccessorImpl.invoke(DelegatingMethodAccessorImpl.java:43)
	at java.lang.reflect.Method.invoke(Method.java:498)
	at org.testng.internal.MethodInvocationHelper.invokeMethod(MethodInvocationHelper.java:85)
	at org.testng.internal.Invoker.invokeMethod(Invoker.java:639)
	at org.testng.internal.Invoker.invokeTestMethod(Invoker.java:821)
	at org.testng.internal.Invoker.invokeTestMethods(Invoker.java:1131)
	at org.testng.internal.TestMethodWorker.invokeTestMethods(TestMethodWorker.java:124)
	at org.testng.internal.TestMethodWorker.run(TestMethodWorker.java:108)
	at org.testng.TestRunner.privateRun(TestRunner.java:773)
	at org.testng.TestRunner.run(TestRunner.java:623)
	at org.testng.SuiteRunner.runTest(SuiteRunner.java:357)
	at org.testng.SuiteRunner.runSequentially(SuiteRunner.java:352)
	at org.testng.SuiteRunner.privateRun(SuiteRunner.java:310)
	at org.testng.SuiteRunner.run(SuiteRunner.java:259)
	at org.testng.SuiteRunnerWorker.runSuite(SuiteRunnerWorker.java:52)
	at org.testng.SuiteRunnerWorker.run(SuiteRunnerWorker.java:86)
	at org.testng.TestNG.runSuitesSequentially(TestNG.java:1185)
	at org.testng.TestNG.runSuitesLocally(TestNG.java:1110)
	at org.testng.TestNG.run(TestNG.java:1018)
	at org.testng.remote.AbstractRemoteTestNG.run(AbstractRemoteTestNG.java:132)
	at org.testng.remote.RemoteTestNG.initAndRun(RemoteTestNG.java:230)
	at org.testng.remote.RemoteTestNG.main(RemoteTestNG.java:76)
]]>
            </full-stacktrace>
          </exception> <!-- org.testng.SkipException -->
          <reporter-output>
          </reporter-output>
        </test-method> <!-- TestC -->
        <test-method status="PASS" signature="afterMethod()[pri:0, instance:com.USICS.testcases.videos@7c9d8e2]" name="afterMethod" is-config="true" duration-ms="97" started-at="2018-02-13T17:07:13Z" finished-at="2018-02-13T17:07:13Z">
          <reporter-output>
          </reporter-output>
        </test-method> <!-- afterMethod -->
      </class> <!-- com.USICS.testcases.videos -->
    </test> <!-- Default test -->
  </suite> <!-- Default suite -->
</testng-results>
